0 info it worked if it ends with ok
1 verbose cli [ '/home/johnr/.nvm/versions/node/v5.4.1/bin/node',
1 verbose cli   '/home/johnr/.nvm/versions/node/v5.4.1/bin/npm',
1 verbose cli   'version',
1 verbose cli   'minor' ]
2 info using npm@3.3.12
3 info using node@v5.4.1
4 info git [ 'status', '--porcelain' ]
5 verbose stack Error: Git working directory not clean.
5 verbose stack M CHANGELOG.md
5 verbose stack     at /home/johnr/.nvm/versions/node/v5.4.1/lib/node_modules/npm/lib/version.js:172:21
5 verbose stack     at ChildProcess.exithandler (child_process.js:204:7)
5 verbose stack     at emitTwo (events.js:87:13)
5 verbose stack     at ChildProcess.emit (events.js:172:7)
5 verbose stack     at maybeClose (internal/child_process.js:821:16)
5 verbose stack     at Socket.<anonymous> (internal/child_process.js:319:11)
5 verbose stack     at emitOne (events.js:77:13)
5 verbose stack     at Socket.emit (events.js:169:7)
5 verbose stack     at Pipe._onclose (net.js:469:12)
6 verbose cwd /home/johnr/sites/emblem.js
7 error Linux 3.13.0-24-generic
8 error argv "/home/johnr/.nvm/versions/node/v5.4.1/bin/node" "/home/johnr/.nvm/versions/node/v5.4.1/bin/npm" "version" "minor"
9 error node v5.4.1
10 error npm  v3.3.12
11 error Git working directory not clean.
11 error M CHANGELOG.md
12 error If you need help, you may report this error at:
12 error     <https://github.com/npm/npm/issues>
13 verbose exit [ 1, true ]
